#
# There is insufficient memory for the Java Runtime Environment to continue.
# Native memory allocation (malloc) failed to allocate 1015440 bytes for Chunk::new
# Possible reasons:
#   The system is out of physical RAM or swap space
#   In 32 bit mode, the process size limit was hit
# Possible solutions:
#   Reduce memory load on the system
#   Increase physical memory or swap space
#   Check if swap backing store is full
#   Use 64 bit Java on a 64 bit OS
#   Decrease Java heap size (-Xmx/-Xms)
#   Decrease number of Java threads
#   Decrease Java thread stack sizes (-Xss)
#   Set larger code cache with -XX:ReservedCodeCacheSize=
# This output file may be truncated or incomplete.
#
#  Out of Memory Error (allocation.cpp:390), pid=13404, tid=14408
#
# JRE version: Java(TM) SE Runtime Environment (8.0_60-b27) (build 1.8.0_60-b27)
# Java VM: Java HotSpot(TM) 64-Bit Server VM (25.60-b23 mixed mode windows-amd64 compressed oops)
# Failed to write core dump. Minidumps are not enabled by default on client versions of Windows
#

---------------  T H R E A D  ---------------

Current thread (0x000000001ea86800):  JavaThread "C2 CompilerThread0" daemon [_thread_in_native, id=14408, stack(0x000000001f060000,0x000000001f160000)]

Stack: [0x000000001f060000,0x000000001f160000]
[error occurred during error reporting (printing stack bounds), id 0xc0000005]

Native frames: (J=compiled Java code, j=interpreted, Vv=VM code, C=native code)


Current CompileTask:
C2: 128138 7443       4       com.sun.javafx.tk.quantum.ViewPainter::paintImpl (1457 bytes)


---------------  P R O C E S S  ---------------

Java Threads: ( => current thread )
  0x000000001ee3f800 JavaThread "Exec Stream Pumper" daemon [_thread_in_native, id=17068, stack(0x0000000036c20000,0x0000000036d20000)]
  0x000000001ee45000 JavaThread "Exec Stream Pumper" daemon [_thread_in_native, id=24108, stack(0x0000000036b20000,0x0000000036c20000)]
  0x000000001f670800 JavaThread "Exec Default Executor" [_thread_in_native, id=15956, stack(0x0000000036920000,0x0000000036a20000)]
  0x000000001f676800 JavaThread "Thread-14" [_thread_in_native, id=12400, stack(0x0000000036820000,0x0000000036920000)]
  0x000000001f672800 JavaThread "pool-2-thread-1" [_thread_blocked, id=20160, stack(0x0000000035460000,0x0000000035560000)]
  0x000000001f675000 JavaThread "AWT-EventQueue-0" [_thread_blocked, id=392, stack(0x000000002d1c0000,0x000000002d2c0000)]
  0x000000001f674000 JavaThread "AWT-Windows" daemon [_thread_in_native, id=7680, stack(0x000000002ae70000,0x000000002af70000)]
  0x000000001f671000 JavaThread "AWT-Shutdown" [_thread_blocked, id=21988, stack(0x000000002ad70000,0x000000002ae70000)]
  0x000000001f677000 JavaThread "Java2D Disposer" daemon [_thread_blocked, id=4784, stack(0x000000002ac70000,0x000000002ad70000)]
  0x0000000029071000 JavaThread "UIRefreshThread" daemon [_thread_blocked, id=4092, stack(0x000000002a840000,0x000000002a940000)]
  0x0000000029922000 JavaThread "Thread-8" daemon [_thread_blocked, id=21420, stack(0x000000002a740000,0x000000002a840000)]
  0x000000001ec79000 JavaThread "Prism Font Disposer" daemon [_thread_blocked, id=22172, stack(0x0000000028670000,0x0000000028770000)]
  0x000000001f771000 JavaThread "JavaFX-Launcher" [_thread_blocked, id=12920, stack(0x0000000025130000,0x0000000025230000)]
  0x000000001f76f800 JavaThread "Thread-2" daemon [_thread_in_native, id=6952, stack(0x0000000025030000,0x0000000025130000)]
  0x000000001f6da000 JavaThread "JavaFX Application Thread" [_thread_in_native, id=18040, stack(0x0000000020980000,0x0000000020a80000)]
  0x000000001f6ce800 JavaThread "Thread-1" daemon [_thread_blocked, id=16072, stack(0x0000000020880000,0x0000000020980000)]
  0x000000001f69e800 JavaThread "QuantumRenderer-0" daemon [_thread_blocked, id=12640, stack(0x000000001fe60000,0x000000001ff60000)]
  0x000000001eaba800 JavaThread "Service Thread" daemon [_thread_blocked, id=21304, stack(0x000000001f460000,0x000000001f560000)]
  0x000000001ea95800 JavaThread "C1 CompilerThread3" daemon [_thread_blocked, id=12472, stack(0x000000001f360000,0x000000001f460000)]
  0x000000001ea91800 JavaThread "C2 CompilerThread2" daemon [_thread_blocked, id=19716, stack(0x000000001f260000,0x000000001f360000)]
  0x000000001ea8b000 JavaThread "C2 CompilerThread1" daemon [_thread_blocked, id=7072, stack(0x000000001f160000,0x000000001f260000)]
=>0x000000001ea86800 JavaThread "C2 CompilerThread0" daemon [_thread_in_native, id=14408, stack(0x000000001f060000,0x000000001f160000)]
  0x000000001ea85000 JavaThread "Attach Listener" daemon [_thread_blocked, id=9556, stack(0x000000001ef60000,0x000000001f060000)]
  0x000000001ea84800 JavaThread "Signal Dispatcher" daemon [_thread_blocked, id=8356, stack(0x000000001ee60000,0x000000001ef60000)]
  0x0000000002ea9800 JavaThread "Finalizer" daemon [_thread_blocked, id=24456, stack(0x000000001e870000,0x000000001e970000)]
  0x000000001c96d800 JavaThread "Reference Handler" daemon [_thread_blocked, id=19500, stack(0x000000001e770000,0x000000001e870000)]
  0x0000000002cad800 JavaThread "main" [_thread_blocked, id=24348, stack(0x0000000002cb0000,0x0000000002db0000)]

Other Threads:
  0x000000001c969000 VMThread [stack: 0x000000001e670000,0x000000001e770000] [id=24572]
  0x000000001eabc800 WatcherThread [stack: 0x000000001f560000,0x000000001f660000] [id=22400]

VM state:not at safepoint (normal execution)

VM Mutex/Monitor currently owned by a thread: None

Heap:
 PSYoungGen      total 65536K, used 37573K [0x000000076b100000, 0x000000076fe00000, 0x00000007c0000000)
  eden space 54272K, 54% used [0x000000076b100000,0x000000076ce116e0,0x000000076e600000)
  from space 11264K, 69% used [0x000000076f300000,0x000000076faa0010,0x000000076fe00000)
  to   space 12288K, 0% used [0x000000076e600000,0x000000076e600000,0x000000076f200000)
 ParOldGen       total 84992K, used 17602K [0x00000006c1200000, 0x00000006c6500000, 0x000000076b100000)
  object space 84992K, 20% used [0x00000006c1200000,0x00000006c2330a68,0x00000006c6500000)
 Metaspace       used 37651K, capacity 39794K, committed 39984K, reserved 1083392K
  class space    used 5011K, capacity 5412K, committed 5424K, reserved 1048576K

Card table byte_map: [0x0000000012270000,0x0000000012a70000] byte_map_base: 0x000000000ec67000

Marking Bits: (ParMarkBitMap*) 0x000000005a2ca5b0
 Begin Bits: [0x00000000137c0000, 0x0000000017778000)
 End Bits:   [0x0000000017778000, 0x000000001b730000)

Polling page: 0x0000000001280000

CodeCache: size=245760Kb used=21108Kb max_used=22239Kb free=224651Kb
 bounds [0x0000000002eb0000, 0x0000000004530000, 0x0000000011eb0000]
 total_blobs=6954 nmethods=6041 adapters=822
 compilation: enabled

Compilation events (10 events):
Event: 124.285 Thread 0x000000001ea8b000 nmethod 7439 0x0000000003de7a90 code [0x0000000003de7ee0, 0x0000000003deb3c0]
Event: 124.892 Thread 0x000000001ea86800 7443       4       com.sun.javafx.tk.quantum.ViewPainter::paintImpl (1457 bytes)
Event: 125.026 Thread 0x000000001ea91800 7444       4       com.sun.javafx.css.PseudoClassState::getIndex (9 bytes)
Event: 125.026 Thread 0x000000001ea91800 nmethod 7444 0x0000000003ec9ed0 code [0x0000000003eca020, 0x0000000003eca0b8]
Event: 125.940 Thread 0x000000001ea95800 7445   !   3       javafx.scene.Node::impl_intersectsBounds (1005 bytes)
Event: 125.980 Thread 0x000000001ea8b000 7446       4       com.sun.javafx.util.TempState::getInstance (10 bytes)
Event: 127.934 Thread 0x000000001ea8b000 nmethod 7446 0x0000000003e7c850 code [0x0000000003e7c9c0, 0x0000000003e7cb18]
Event: 127.935 Thread 0x000000001ea95800 nmethod 7445 0x00000000032e8410 code [0x00000000032e8a60, 0x00000000032ec9a8]
Event: 127.939 Thread 0x000000001ea91800 7447       4       java.lang.StringBuilder::append (8 bytes)
Event: 127.939 Thread 0x000000001ea91800 nmethod 7447 0x0000000003f11ad0 code [0x0000000003f11c20, 0x0000000003f11ca8]

GC Heap History (10 events):
Event: 107.359 GC heap before
{Heap before GC invocations=12 (full 2):
 PSYoungGen      total 67584K, used 67200K [0x000000076b100000, 0x0000000770500000, 0x00000007c0000000)
  eden space 59392K, 100% used [0x000000076b100000,0x000000076eb00000,0x000000076eb00000)
  from space 8192K, 95% used [0x000000076ec00000,0x000000076f3a0010,0x000000076f400000)
  to   space 13312K, 0% used [0x000000076f800000,0x000000076f800000,0x0000000770500000)
 ParOldGen       total 84992K, used 17562K [0x00000006c1200000, 0x00000006c6500000, 0x000000076b100000)
  object space 84992K, 20% used [0x00000006c1200000,0x00000006c2326a50,0x00000006c6500000)
 Metaspace       used 37493K, capacity 39658K, committed 39728K, reserved 1083392K
  class space    used 5011K, capacity 5412K, committed 5424K, reserved 1048576K
Event: 107.366 GC heap after
Heap after GC invocations=12 (full 2):
 PSYoungGen      total 70656K, used 6688K [0x000000076b100000, 0x0000000770400000, 0x00000007c0000000)
  eden space 58368K, 0% used [0x000000076b100000,0x000000076b100000,0x000000076ea00000)
  from space 12288K, 54% used [0x000000076f800000,0x000000076fe88010,0x0000000770400000)
  to   space 13312K, 0% used [0x000000076ea00000,0x000000076ea00000,0x000000076f700000)
 ParOldGen       total 84992K, used 17570K [0x00000006c1200000, 0x00000006c6500000, 0x000000076b100000)
  object space 84992K, 20% used [0x00000006c1200000,0x00000006c2328a50,0x00000006c6500000)
 Metaspace       used 37493K, capacity 39658K, committed 39728K, reserved 1083392K
  class space    used 5011K, capacity 5412K, committed 5424K, reserved 1048576K
}
Event: 110.953 GC heap before
{Heap before GC invocations=13 (full 2):
 PSYoungGen      total 70656K, used 65056K [0x000000076b100000, 0x0000000770400000, 0x00000007c0000000)
  eden space 58368K, 100% used [0x000000076b100000,0x000000076ea00000,0x000000076ea00000)
  from space 12288K, 54% used [0x000000076f800000,0x000000076fe88010,0x0000000770400000)
  to   space 13312K, 0% used [0x000000076ea00000,0x000000076ea00000,0x000000076f700000)
 ParOldGen       total 84992K, used 17570K [0x00000006c1200000, 0x00000006c6500000, 0x000000076b100000)
  object space 84992K, 20% used [0x00000006c1200000,0x00000006c2328a50,0x00000006c6500000)
 Metaspace       used 37538K, capacity 39666K, committed 39728K, reserved 1083392K
  class space    used 5011K, capacity 5412K, committed 5424K, reserved 1048576K
Event: 110.964 GC heap after
Heap after GC invocations=13 (full 2):
 PSYoungGen      total 65536K, used 7776K [0x000000076b100000, 0x0000000770200000, 0x00000007c0000000)
  eden space 57344K, 0% used [0x000000076b100000,0x000000076b100000,0x000000076e900000)
  from space 8192K, 94% used [0x000000076ea00000,0x000000076f198010,0x000000076f200000)
  to   space 12800K, 0% used [0x000000076f580000,0x000000076f580000,0x0000000770200000)
 ParOldGen       total 84992K, used 17578K [0x00000006c1200000, 0x00000006c6500000, 0x000000076b100000)
  object space 84992K, 20% used [0x00000006c1200000,0x00000006c232aa50,0x00000006c6500000)
 Metaspace       used 37538K, capacity 39666K, committed 39728K, reserved 1083392K
  class space    used 5011K, capacity 5412K, committed 5424K, reserved 1048576K
}
Event: 115.001 GC heap before
{Heap before GC invocations=14 (full 2):
 PSYoungGen      total 65536K, used 65120K [0x000000076b100000, 0x0000000770200000, 0x00000007c0000000)
  eden space 57344K, 100% used [0x000000076b100000,0x000000076e900000,0x000000076e900000)
  from space 8192K, 94% used [0x000000076ea00000,0x000000076f198010,0x000000076f200000)
  to   space 12800K, 0% used [0x000000076f580000,0x000000076f580000,0x0000000770200000)
 ParOldGen       total 84992K, used 17578K [0x00000006c1200000, 0x00000006c6500000, 0x000000076b100000)
  object space 84992K, 20% used [0x00000006c1200000,0x00000006c232aa50,0x00000006c6500000)
 Metaspace       used 37581K, capacity 39730K, committed 39984K, reserved 1083392K
  class space    used 5011K, capacity 5412K, committed 5424K, reserved 1048576K
Event: 115.012 GC heap after
Heap after GC invocations=14 (full 2):
 PSYoungGen      total 68096K, used 7840K [0x000000076b100000, 0x0000000770100000, 0x00000007c0000000)
  eden space 56320K, 0% used [0x000000076b100000,0x000000076b100000,0x000000076e800000)
  from space 11776K, 66% used [0x000000076f580000,0x000000076fd28010,0x0000000770100000)
  to   space 12800K, 0% used [0x000000076e800000,0x000000076e800000,0x000000076f480000)
 ParOldGen       total 84992K, used 17586K [0x00000006c1200000, 0x00000006c6500000, 0x000000076b100000)
  object space 84992K, 20% used [0x00000006c1200000,0x00000006c232ca50,0x00000006c6500000)
 Metaspace       used 37581K, capacity 39730K, committed 39984K, reserved 1083392K
  class space    used 5011K, capacity 5412K, committed 5424K, reserved 1048576K
}
Event: 118.553 GC heap before
{Heap before GC invocations=15 (full 2):
 PSYoungGen      total 68096K, used 64160K [0x000000076b100000, 0x0000000770100000, 0x00000007c0000000)
  eden space 56320K, 100% used [0x000000076b100000,0x000000076e800000,0x000000076e800000)
  from space 11776K, 66% used [0x000000076f580000,0x000000076fd28010,0x0000000770100000)
  to   space 12800K, 0% used [0x000000076e800000,0x000000076e800000,0x000000076f480000)
 ParOldGen       total 84992K, used 17586K [0x00000006c1200000, 0x00000006c6500000, 0x000000076b100000)
  object space 84992K, 20% used [0x00000006c1200000,0x00000006c232ca50,0x00000006c6500000)
 Metaspace       used 37625K, capacity 39730K, committed 39984K, reserved 1083392K
  class space    used 5011K, capacity 5412K, committed 5424K, reserved 1048576K
Event: 118.562 GC heap after
Heap after GC invocations=15 (full 2):
 PSYoungGen      total 62464K, used 6688K [0x000000076b100000, 0x000000076ff00000, 0x00000007c0000000)
  eden space 55296K, 0% used [0x000000076b100000,0x000000076b100000,0x000000076e700000)
  from space 7168K, 93% used [0x000000076e800000,0x000000076ee88010,0x000000076ef00000)
  to   space 12288K, 0% used [0x000000076f300000,0x000000076f300000,0x000000076ff00000)
 ParOldGen       total 84992K, used 17594K [0x00000006c1200000, 0x00000006c6500000, 0x000000076b100000)
  object space 84992K, 20% used [0x00000006c1200000,0x00000006c232ea50,0x00000006c6500000)
 Metaspace       used 37625K, capacity 39730K, committed 39984K, reserved 1083392K
  class space    used 5011K, capacity 5412K, committed 5424K, reserved 1048576K
}
Event: 123.113 GC heap before
{Heap before GC invocations=16 (full 2):
 PSYoungGen      total 62464K, used 61984K [0x000000076b100000, 0x000000076ff00000, 0x00000007c0000000)
  eden space 55296K, 100% used [0x000000076b100000,0x000000076e700000,0x000000076e700000)
  from space 7168K, 93% used [0x000000076e800000,0x000000076ee88010,0x000000076ef00000)
  to   space 12288K, 0% used [0x000000076f300000,0x000000076f300000,0x000000076ff00000)
 ParOldGen       total 84992K, used 17594K [0x00000006c1200000, 0x00000006c6500000, 0x000000076b100000)
  object space 84992K, 20% used [0x00000006c1200000,0x00000006c232ea68,0x00000006c6500000)
 Metaspace       used 37650K, capacity 39794K, committed 39984K, reserved 1083392K
  class space    used 5011K, capacity 5412K, committed 5424K, reserved 1048576K
Event: 123.124 GC heap after
Heap after GC invocations=16 (full 2):
 PSYoungGen      total 65536K, used 7808K [0x000000076b100000, 0x000000076fe00000, 0x00000007c0000000)
  eden space 54272K, 0% used [0x000000076b100000,0x000000076b100000,0x000000076e600000)
  from space 11264K, 69% used [0x000000076f300000,0x000000076faa0010,0x000000076fe00000)
  to   space 12288K, 0% used [0x000000076e600000,0x000000076e600000,0x000000076f200000)
 ParOldGen       total 84992K, used 17602K [0x00000006c1200000, 0x00000006c6500000, 0x000000076b100000)
  object space 84992K, 20% used [0x00000006c1200000,0x00000006c2330a68,0x00000006c6500000)
 Metaspace       used 37650K, capacity 39794K, committed 39984K, reserved 1083392K
  class space    used 5011K, capacity 5412K, committed 5424K, reserved 1048576K
}

Deoptimization events (10 events):
Event: 106.138 Thread 0x000000001f6da000 Uncommon trap: reason=unstable_if action=reinterpret pc=0x0000000004337838 method=javafx.scene.Node.updateBounds()V @ 70
Event: 106.153 Thread 0x000000001f6da000 Uncommon trap: reason=null_check action=make_not_entrant pc=0x00000000038f0828 method=javafx.scene.Node$MiscProperties.getClip()Ljavafx/scene/Node; @ 20
Event: 108.535 Thread 0x000000001f674000 Uncommon trap: reason=bimorphic action=maybe_recompile pc=0x000000000361e5d8 method=java.util.Collections$SynchronizedMap.get(Ljava/lang/Object;)Ljava/lang/Object; @ 12
Event: 108.535 Thread 0x000000001f674000 Uncommon trap: reason=bimorphic action=maybe_recompile pc=0x000000000361e5d8 method=java.util.Collections$SynchronizedMap.get(Ljava/lang/Object;)Ljava/lang/Object; @ 12
Event: 108.547 Thread 0x000000001f674000 Uncommon trap: reason=bimorphic action=maybe_recompile pc=0x000000000361e5d8 method=java.util.Collections$SynchronizedMap.get(Ljava/lang/Object;)Ljava/lang/Object; @ 12
Event: 108.547 Thread 0x000000001f674000 Uncommon trap: reason=bimorphic action=maybe_recompile pc=0x000000000361e5d8 method=java.util.Collections$SynchronizedMap.get(Ljava/lang/Object;)Ljava/lang/Object; @ 12
Event: 113.978 Thread 0x000000001f6da000 Uncommon trap: reason=class_check action=maybe_recompile pc=0x00000000038ca51c method=javafx.scene.Node$11.invalidated()V @ 37
Event: 116.745 Thread 0x000000001f6da000 Uncommon trap: reason=class_check action=maybe_recompile pc=0x00000000038ca51c method=javafx.scene.Node$11.invalidated()V @ 37
Event: 119.017 Thread 0x0000000029922000 Uncommon trap: reason=null_check action=make_not_entrant pc=0x0000000003f9fd44 method=com.sun.jna.DefaultTypeMapper.lookupConverter(Ljava/lang/Class;Ljava/util/Collection;)Ljava/lang/Object; @ 33
Event: 125.059 Thread 0x000000001f6da000 Uncommon trap: reason=unstable_if action=reinterpret pc=0x0000000003bddf3c method=javafx.scene.shape.Rectangle.getX()D @ 4

Internal exceptions (10 events):
Event: 104.164 Thread 0x000000001f6da000 Exception <a 'sun/nio/fs/WindowsException'> (0x000000076b93d080) thrown at [C:\re\workspace\8-2-build-windows-amd64-cygwin\jdk8u60\4407\hotspot\src\share\vm\prims\jni.cpp, line 709]
Event: 106.153 Thread 0x000000001f6da000 Implicit null exception at 0x00000000038f07ce to 0x00000000038f081d
Event: 109.182 Thread 0x000000001f6da000 Exception <a 'sun/nio/fs/WindowsException'> (0x000000076ce55c20) thrown at [C:\re\workspace\8-2-build-windows-amd64-cygwin\jdk8u60\4407\hotspot\src\share\vm\prims\jni.cpp, line 709]
Event: 109.182 Thread 0x000000001f6da000 Exception <a 'sun/nio/fs/WindowsException'> (0x000000076ce563f8) thrown at [C:\re\workspace\8-2-build-windows-amd64-cygwin\jdk8u60\4407\hotspot\src\share\vm\prims\jni.cpp, line 709]
Event: 114.178 Thread 0x000000001f6da000 Exception <a 'sun/nio/fs/WindowsException'> (0x000000076df814b8) thrown at [C:\re\workspace\8-2-build-windows-amd64-cygwin\jdk8u60\4407\hotspot\src\share\vm\prims\jni.cpp, line 709]
Event: 114.179 Thread 0x000000001f6da000 Exception <a 'sun/nio/fs/WindowsException'> (0x000000076df81c90) thrown at [C:\re\workspace\8-2-build-windows-amd64-cygwin\jdk8u60\4407\hotspot\src\share\vm\prims\jni.cpp, line 709]
Event: 120.173 Thread 0x000000001f6da000 Exception <a 'sun/nio/fs/WindowsException'> (0x000000076b913828) thrown at [C:\re\workspace\8-2-build-windows-amd64-cygwin\jdk8u60\4407\hotspot\src\share\vm\prims\jni.cpp, line 709]
Event: 120.174 Thread 0x000000001f6da000 Exception <a 'sun/nio/fs/WindowsException'> (0x000000076b914000) thrown at [C:\re\workspace\8-2-build-windows-amd64-cygwin\jdk8u60\4407\hotspot\src\share\vm\prims\jni.cpp, line 709]
Event: 124.178 Thread 0x000000001f6da000 Exception <a 'sun/nio/fs/WindowsException'> (0x000000076bd494e0) thrown at [C:\re\workspace\8-2-build-windows-amd64-cygwin\jdk8u60\4407\hotspot\src\share\vm\prims\jni.cpp, line 709]
Event: 124.179 Thread 0x000000001f6da000 Exception <a 'sun/nio/fs/WindowsException'> (0x000000076bd49cb8) thrown at [C:\re\workspace\8-2-build-windows-amd64-cygwin\jdk8u60\4407\hotspot\src\share\vm\prims\jni.cpp, line 709]

Events (10 events):
Event: 119.017 Thread 0x0000000029922000 Uncommon trap: trap_request=0xfffffff4 fr.pc=0x0000000003f9fd44
Event: 119.017 Thread 0x0000000029922000 DEOPT PACKING pc=0x0000000003f9fd44 sp=0x000000002a83ebd0
Event: 119.017 Thread 0x0000000029922000 DEOPT UNPACKING pc=0x0000000002ef582a sp=0x000000002a83eb68 mode 2
Event: 123.113 Executing VM operation: ParallelGCFailedAllocation
Event: 123.113 Executing VM operation: ParallelGCFailedAllocation done
Event: 123.113 Executing VM operation: ParallelGCSystemGC
Event: 123.124 Executing VM operation: ParallelGCSystemGC done
Event: 125.059 Thread 0x000000001f6da000 Uncommon trap: trap_request=0xffffff65 fr.pc=0x0000000003bddf3c
Event: 125.059 Thread 0x000000001f6da000 DEOPT PACKING pc=0x0000000003bddf3c sp=0x0000000020a7cae0
Event: 125.059 Thread 0x000000001f6da000 DEOPT UNPACKING pc=0x0000000002ef582a sp=0x0000000020a7c688 mode 2


Dynamic libraries:
0x00007ff6c6aa0000 - 0x00007ff6c6ad7000 	C:\Program Files\Java\jdk1.8.0_60\jre\bin\java.exe
0x00007ff9ab360000 - 0x00007ff9ab531000 	C:\WINDOWS\SYSTEM32\ntdll.dll
0x00007ff9a89f0000 - 0x00007ff9a8a9c000 	C:\WINDOWS\System32\KERNEL32.DLL
0x00007ff992c40000 - 0x00007ff992c73000 	C:\Program Files\AVAST Software\Avast\x64\aswhooka.dll
0x00007ff9a7ef0000 - 0x00007ff9a810d000 	C:\WINDOWS\System32\KERNELBASE.dll
0x00007ff9a5da0000 - 0x00007ff9a5e1a000 	C:\WINDOWS\system32\apphelp.dll
0x00007ff999b50000 - 0x00007ff999ba3000 	C:\WINDOWS\AppPatch\AppPatch64\AcGenral.DLL
0x00007ff9a9da0000 - 0x00007ff9a9e3e000 	C:\WINDOWS\System32\msvcrt.dll
0x00007ff9a8e40000 - 0x00007ff9a8e99000 	C:\WINDOWS\System32\sechost.dll
0x00007ff9a9570000 - 0x00007ff9a9691000 	C:\WINDOWS\System32\RPCRT4.dll
0x00007ff9a8c10000 - 0x00007ff9a8c62000 	C:\WINDOWS\System32\SHLWAPI.dll
0x00007ff9a9270000 - 0x00007ff9a9538000 	C:\WINDOWS\System32\combase.dll
0x00007ff9a8110000 - 0x00007ff9a8205000 	C:\WINDOWS\System32\ucrtbase.dll
0x00007ff9a78b0000 - 0x00007ff9a791a000 	C:\WINDOWS\System32\bcryptPrimitives.dll
0x00007ff9a88f0000 - 0x00007ff9a8924000 	C:\WINDOWS\System32\GDI32.dll
0x00007ff9a7a90000 - 0x00007ff9a7c12000 	C:\WINDOWS\System32\gdi32full.dll
0x00007ff9a8c70000 - 0x00007ff9a8dd5000 	C:\WINDOWS\System32\USER32.dll
0x00007ff9a79c0000 - 0x00007ff9a79de000 	C:\WINDOWS\System32\win32u.dll
0x00007ff9a9700000 - 0x00007ff9a9838000 	C:\WINDOWS\System32\ole32.dll
0x00007ff9a9e50000 - 0x00007ff9ab358000 	C:\WINDOWS\System32\SHELL32.dll
0x00007ff9a7c20000 - 0x00007ff9a7c62000 	C:\WINDOWS\System32\cfgmgr32.dll
0x00007ff9a8210000 - 0x00007ff9a88ea000 	C:\WINDOWS\System32\windows.storage.dll
0x00007ff9a7800000 - 0x00007ff9a784c000 	C:\WINDOWS\System32\powrprof.dll
0x00007ff9a9840000 - 0x00007ff9a98e2000 	C:\WINDOWS\System32\advapi32.dll
0x00007ff9a77f0000 - 0x00007ff9a77ff000 	C:\WINDOWS\System32\kernel.appcore.dll
0x00007ff9a7c70000 - 0x00007ff9a7d19000 	C:\WINDOWS\System32\shcore.dll
0x00007ff9a77d0000 - 0x00007ff9a77e4000 	C:\WINDOWS\System32\profapi.dll
0x00007ff9a7430000 - 0x00007ff9a745c000 	C:\WINDOWS\SYSTEM32\SspiCli.dll
0x00007ff9a6f10000 - 0x00007ff9a6f2f000 	C:\WINDOWS\SYSTEM32\USERENV.dll
0x00007ff99c440000 - 0x00007ff99c45b000 	C:\WINDOWS\SYSTEM32\MPR.dll
0x00007ff9a9540000 - 0x00007ff9a956e000 	C:\WINDOWS\System32\IMM32.DLL
0x00007ff99daa0000 - 0x00007ff99dd1a000 	C:\WINDOWS\WinSxS\amd64_microsoft.windows.common-controls_6595b64144ccf1df_6.0.14393.953_none_42151e83c686086b\COMCTL32.dll
0x00000000599e0000 - 0x0000000059ab2000 	C:\Program Files\Java\jdk1.8.0_60\jre\bin\msvcr100.dll
0x0000000059ac0000 - 0x000000005a349000 	C:\Program Files\Java\jdk1.8.0_60\jre\bin\server\jvm.dll
0x00007ff9a9d90000 - 0x00007ff9a9d98000 	C:\WINDOWS\System32\PSAPI.DLL
0x00007ff98fe50000 - 0x00007ff98fe59000 	C:\WINDOWS\SYSTEM32\WSOCK32.dll
0x00007ff9a98f0000 - 0x00007ff9a995a000 	C:\WINDOWS\System32\WS2_32.dll
0x00007ff9a5c70000 - 0x00007ff9a5c93000 	C:\WINDOWS\SYSTEM32\WINMM.dll
0x00007ff9a2fc0000 - 0x00007ff9a2fca000 	C:\WINDOWS\SYSTEM32\VERSION.dll
0x00007ff9a5b00000 - 0x00007ff9a5b2b000 	C:\WINDOWS\SYSTEM32\WINMMBASE.dll
0x0000000059990000 - 0x000000005999f000 	C:\Program Files\Java\jdk1.8.0_60\jre\bin\verify.dll
0x0000000059960000 - 0x0000000059989000 	C:\Program Files\Java\jdk1.8.0_60\jre\bin\java.dll
0x0000000059940000 - 0x0000000059956000 	C:\Program Files\Java\jdk1.8.0_60\jre\bin\zip.dll
0x00007ff975380000 - 0x00007ff97546f000 	C:\Program Files\Java\jdk1.8.0_60\jre\bin\msvcr120.dll
0x00007ff9752d0000 - 0x00007ff975376000 	C:\Program Files\Java\jdk1.8.0_60\jre\bin\msvcp120.dll
0x0000000057460000 - 0x0000000057483000 	C:\Program Files\Java\jdk1.8.0_60\jre\bin\prism_d3d.dll
0x00007ff97d6d0000 - 0x00007ff97d85d000 	C:\WINDOWS\system32\d3d9.dll
0x00007ff9a5450000 - 0x00007ff9a5476000 	C:\WINDOWS\SYSTEM32\dwmapi.dll
0x00007ff9a5f40000 - 0x00007ff9a5fd5000 	C:\WINDOWS\system32\uxtheme.dll
0x00007ff9a23c0000 - 0x00007ff9a249f000 	C:\WINDOWS\System32\DriverStore\FileRepository\nv_dispi.inf_amd64_e69a53b8ddde469c\nvldumdx.dll
0x00007ff9a7d20000 - 0x00007ff9a7ee9000 	C:\WINDOWS\System32\crypt32.dll
0x00007ff9a77c0000 - 0x00007ff9a77d0000 	C:\WINDOWS\System32\MSASN1.dll
0x00007ff9a7850000 - 0x00007ff9a78a5000 	C:\WINDOWS\System32\WINTRUST.DLL
0x00007ff9a90b0000 - 0x00007ff9a90cc000 	C:\WINDOWS\System32\imagehlp.dll
0x00007ff9a7240000 - 0x00007ff9a7257000 	C:\WINDOWS\SYSTEM32\CRYPTSP.dll
0x00007ff9a6c90000 - 0x00007ff9a6cc3000 	C:\WINDOWS\system32\rsaenh.dll
0x00007ff9a7700000 - 0x00007ff9a772b000 	C:\WINDOWS\SYSTEM32\bcrypt.dll
0x00007ff9a7230000 - 0x00007ff9a723b000 	C:\WINDOWS\SYSTEM32\CRYPTBASE.dll
0x00007ff94f820000 - 0x00007ff950834000 	C:\WINDOWS\System32\DriverStore\FileRepository\nv_dispi.inf_amd64_e69a53b8ddde469c\nvd3dumx.dll
0x00007ff97d4f0000 - 0x00007ff97d6c5000 	C:\WINDOWS\system32\nvspcap64.dll
0x00007ff9a8930000 - 0x00007ff9a89ef000 	C:\WINDOWS\System32\OLEAUT32.dll
0x00007ff9a7920000 - 0x00007ff9a79bc000 	C:\WINDOWS\System32\msvcp_win.dll
0x00007ff9a9960000 - 0x00007ff9a9d89000 	C:\WINDOWS\System32\SETUPAPI.dll
0x00007ff9a48c0000 - 0x00007ff9a498d000 	C:\WINDOWS\SYSTEM32\WINHTTP.dll
0x00007ff9a5000000 - 0x00007ff9a5013000 	C:\WINDOWS\SYSTEM32\WTSAPI32.dll
0x00007ff99f670000 - 0x00007ff99fa8f000 	C:\WINDOWS\system32\nvapi64.dll
0x00007ff9a67f0000 - 0x00007ff9a688f000 	C:\WINDOWS\SYSTEM32\dxgi.dll
0x00007ff9a6350000 - 0x00007ff9a6378000 	C:\WINDOWS\SYSTEM32\DEVOBJ.dll
0x0000000057410000 - 0x0000000057453000 	C:\Program Files\Java\jdk1.8.0_60\jre\bin\glass.dll
0x00007ff9a8aa0000 - 0x00007ff9a8b9a000 	C:\WINDOWS\System32\COMDLG32.dll
0x00007ff9a8ea0000 - 0x00007ff9a8ffa000 	C:\WINDOWS\System32\MSCTF.dll
0x00007ff9a22d0000 - 0x00007ff9a23b7000 	C:\Program Files (x86)\NVIDIA Corporation\3D Vision\nvSCPAPI64.dll
0x00000000573f0000 - 0x0000000057404000 	C:\Program Files\Java\jdk1.8.0_60\jre\bin\javafx_font.dll
0x00007ff99c750000 - 0x00007ff99c9b9000 	C:\WINDOWS\SYSTEM32\dwrite.dll
0x00007ff9a9010000 - 0x00007ff9a90af000 	C:\WINDOWS\System32\clbcatq.dll
0x00007ff9a43e0000 - 0x00007ff9a4588000 	C:\WINDOWS\SYSTEM32\WindowsCodecs.dll
0x00007ff98cac0000 - 0x00007ff98cb09000 	C:\WINDOWS\system32\dataexchange.dll
0x00007ff9a3790000 - 0x00007ff9a3a46000 	C:\WINDOWS\system32\d3d11.dll
0x00007ff9a5960000 - 0x00007ff9a5ab1000 	C:\WINDOWS\system32\dcomp.dll
0x00007ff9a6140000 - 0x00007ff9a625c000 	C:\WINDOWS\system32\twinapi.appcore.dll
0x00007ff98d5c0000 - 0x00007ff98d5f2000 	C:\Program Files\Common Files\Microsoft Shared\Ink\rtscom.dll
0x0000000059920000 - 0x000000005993a000 	C:\Program Files\Java\jdk1.8.0_60\jre\bin\net.dll
0x00007ff9a7090000 - 0x00007ff9a70ec000 	C:\WINDOWS\system32\mswsock.dll
0x0000000059900000 - 0x0000000059911000 	C:\Program Files\Java\jdk1.8.0_60\jre\bin\nio.dll
0x00000000573d0000 - 0x00000000573e1000 	C:\Program Files\Java\jdk1.8.0_60\jre\bin\prism_common.dll
0x00007ff9a6e50000 - 0x00007ff9a6ef1000 	C:\WINDOWS\SYSTEM32\DNSAPI.dll
0x00007ff9a9e40000 - 0x00007ff9a9e48000 	C:\WINDOWS\System32\NSI.dll
0x00007ff9a6e10000 - 0x00007ff9a6e48000 	C:\WINDOWS\SYSTEM32\IPHLPAPI.DLL
0x00007ff9a2850000 - 0x00007ff9a285a000 	C:\Windows\System32\rasadhlp.dll
0x00007ff9a2af0000 - 0x00007ff9a2b5a000 	C:\WINDOWS\System32\fwpuclnt.dll
0x00000000573a0000 - 0x00000000573c4000 	C:\Program Files\Java\jdk1.8.0_60\jre\bin\sunec.dll
0x00007ff9a3770000 - 0x00007ff9a3786000 	C:\WINDOWS\SYSTEM32\dhcpcsvc6.DLL
0x00007ff9a3750000 - 0x00007ff9a376a000 	C:\WINDOWS\SYSTEM32\dhcpcsvc.DLL
0x00007ff99be40000 - 0x00007ff99be56000 	C:\WINDOWS\system32\napinsp.dll
0x00007ff99af40000 - 0x00007ff99af5a000 	C:\WINDOWS\system32\pnrpnsp.dll
0x00007ff9a3530000 - 0x00007ff9a3548000 	C:\WINDOWS\system32\NLAapi.dll
0x00007ff99af30000 - 0x00007ff99af3e000 	C:\WINDOWS\System32\winrnr.dll
0x0000000059760000 - 0x00000000598f8000 	C:\Program Files\Java\jdk1.8.0_60\jre\bin\awt.dll
0x0000000059710000 - 0x0000000059757000 	C:\Program Files\Java\jdk1.8.0_60\jre\bin\fontmanager.dll
0x00007ff99d9d0000 - 0x00007ff99da61000 	C:\WINDOWS\SYSTEM32\mscms.dll
0x00007ff993100000 - 0x00007ff993142000 	C:\WINDOWS\SYSTEM32\icm32.dll
0x00007ff98d580000 - 0x00007ff98d5b8000 	C:\Users\Kofola\AppData\Local\Temp\jna--2042121342\jna6700288408933096263.dll
0x00007ff997420000 - 0x00007ff997430000 	C:\WINDOWS\system32\wbem\wbemprox.dll
0x00007ff99b5a0000 - 0x00007ff99b61f000 	C:\WINDOWS\SYSTEM32\wbemcomn.dll
0x00007ff996160000 - 0x00007ff996174000 	C:\WINDOWS\system32\wbem\wbemsvc.dll
0x00007ff9a18a0000 - 0x00007ff9a1dff000 	C:\WINDOWS\SYSTEM32\d2d1.dll
0x00007ff98a550000 - 0x00007ff98a7dd000 	C:\WINDOWS\SYSTEM32\D3D10Warp.dll
0x00007ff9962b0000 - 0x00007ff9963a4000 	C:\WINDOWS\system32\wbem\fastprox.dll
0x00000000596b0000 - 0x00000000596bd000 	C:\Program Files\Java\jdk1.8.0_60\jre\bin\management.dll
0x00007ff9a4850000 - 0x00007ff9a489d000 	C:\WINDOWS\SYSTEM32\pdh.dll
0x00007ff999b10000 - 0x00007ff999b1f000 	C:\WINDOWS\System32\perfproc.dll
0x00007ff994120000 - 0x00007ff99412e000 	C:\WINDOWS\System32\perfos.dll

VM Arguments:
jvm_args: -Dfile.encoding=UTF-8 
java_command: C:\Users\Kofola\Documents\NetBeansProjects\BakalarskyProjekt\dist\run533964355\BakalarskyProjekt.jar
java_class_path (initial): C:\Users\Kofola\Documents\NetBeansProjects\BakalarskyProjekt\dist\run533964355\BakalarskyProjekt.jar
Launcher Type: SUN_STANDARD

Environment Variables:
PATH=C:\ProgramData\Oracle\Java\javapath;C:\Program Files (x86)\Intel\iCLS Client\;C:\Program Files\Intel\iCLS Client\;C:\WINDOWS\system32;C:\WINDOWS;C:\WINDOWS\System32\Wbem;C:\WINDOWS\System32\WindowsPowerShell\v1.0\;C:\Program Files (x86)\Intel\Intel(R) Management Engine Components\DAL;C:\Program Files\Intel\Intel(R) Management Engine Components\DAL;C:\Program Files (x86)\Intel\Intel(R) Management Engine Components\IPT;C:\Program Files\Intel\Intel(R) Management Engine Components\IPT;C:\Program Files (x86)\AMD\ATI.ACE\Core-Static;C:\Program Files (x86)\ATI Technologies\ATI.ACE\Core-Static;C:\MinGW\bin;C:\MinGW\MSYS\1.0\bin;C:\cygnus\cygwin-b20\H-i586-cygwin32\bin;C:\Program Files (x86)\Windows Kits\8.1\Windows Performance Toolkit\;C:\Program Files (x86)\GtkSharp\2.12\bin;C:\Program Files (x86)\NVIDIA Corporation\PhysX\Common;C:\Program Files (x86)\Skype\Phone\;C:\Users\Kofola\AppData\Local\Microsoft\WindowsApps
USERNAME=Kofola
OS=Windows_NT
PROCESSOR_IDENTIFIER=Intel64 Family 6 Model 60 Stepping 3, GenuineIntel



---------------  S Y S T E M  ---------------

OS: Windows 10.0 , 64 bit Build 14393 (10.0.14393.1198)

CPU:total 8 (4 cores per cpu, 2 threads per core) family 6 model 60 stepping 3, cmov, cx8, fxsr, mmx, sse, sse2, sse3, ssse3, sse4.1, sse4.2, popcnt, avx, avx2, aes, clmul, erms, lzcnt, ht, tsc, tscinvbit, bmi1, bmi2

Memory: 4k page, physical 16703476k(305588k free), swap 56212688k(5736k free)

vm_info: Java HotSpot(TM) 64-Bit Server VM (25.60-b23) for windows-amd64 JRE (1.8.0_60-b27), built on Aug  4 2015 11:06:27 by "java_re" with MS VC++ 10.0 (VS2010)

time: Tue May 30 16:23:37 2017
elapsed time: 128 seconds (0d 0h 2m 8s)

